<?xml version="1.0" encoding="UTF-8"?>
<testsuite name="ec.com.jmgorduez.ACMEEmployeesPayment.ACMEEmployeesPaymentAppTest" tests="8" skipped="0" failures="0" errors="0" timestamp="2019-05-26T03:53:55" hostname="jm-HP-EliteBook-840-G2" time="0.225">
  <properties/>
  <testcase name="mainWithoutArguments()" classname="ec.com.jmgorduez.ACMEEmployeesPayment.ACMEEmployeesPaymentAppTest" time="0.163"/>
  <testcase name="mainProcessingAEmptyFileName()" classname="ec.com.jmgorduez.ACMEEmployeesPayment.ACMEEmployeesPaymentAppTest" time="0.005"/>
  <testcase name="mainProcessingAInvalidFile()" classname="ec.com.jmgorduez.ACMEEmployeesPayment.ACMEEmployeesPaymentAppTest" time="0.001"/>
  <testcase name="mainProcessingACompactPaySheetFile()" classname="ec.com.jmgorduez.ACMEEmployeesPayment.ACMEEmployeesPaymentAppTest" time="0.038"/>
  <testcase name="main()" classname="ec.com.jmgorduez.ACMEEmployeesPayment.ACMEEmployeesPaymentAppTest" time="0.005"/>
  <testcase name="mainProcessingAFileWithIllegalFormat()" classname="ec.com.jmgorduez.ACMEEmployeesPayment.ACMEEmployeesPaymentAppTest" time="0.002"/>
  <testcase name="mainProcessingAEmptyFile()" classname="ec.com.jmgorduez.ACMEEmployeesPayment.ACMEEmployeesPaymentAppTest" time="0.001"/>
  <testcase name="bufferedReader()" classname="ec.com.jmgorduez.ACMEEmployeesPayment.ACMEEmployeesPaymentAppTest" time="0.003"/>
  <system-out><![CDATA[]]></system-out>
  <system-err><![CDATA[]]></system-err>
</testsuite>
