<?xml version="1.0" encoding="UTF-8"?>
<testsuite name="ec.com.jmgorduez.ACMEEmployeesPayment.domain.factory.EmployeeSalaryCalculatorFactoryTest" tests="1" skipped="0" failures="0" errors="0" timestamp="2019-05-25T14:59:32" hostname="jm-HP-EliteBook-840-G2" time="0.028">
  <properties/>
  <testcase name="employeeSalaryCalculator()" classname="ec.com.jmgorduez.ACMEEmployeesPayment.domain.factory.EmployeeSalaryCalculatorFactoryTest" time="0.028"/>
  <system-out><![CDATA[]]></system-out>
  <system-err><![CDATA[]]></system-err>
</testsuite>
