<?xml version="1.0" encoding="UTF-8"?>
<testsuite name="ec.com.jmgorduez.ACMEEmployeesPayment.domain.EmployeePaySheetTest" tests="2" skipped="0" failures="0" errors="0" timestamp="2019-06-30T02:08:13" hostname="jm-HP-EliteBook-840-G2" time="0.953">
  <properties/>
  <testcase name="employeeName()" classname="ec.com.jmgorduez.ACMEEmployeesPayment.domain.EmployeePaySheetTest" time="0.002"/>
  <testcase name="payment()" classname="ec.com.jmgorduez.ACMEEmployeesPayment.domain.EmployeePaySheetTest" time="0.95"/>
  <system-out><![CDATA[]]></system-out>
  <system-err><![CDATA[]]></system-err>
</testsuite>
