<?xml version="1.0" encoding="UTF-8"?>
<testsuite name="ec.com.jmgorduez.ACMEEmployeesPayment.domain.parsers.WorkingTimeParserTest" tests="1" skipped="0" failures="0" errors="0" timestamp="2019-05-24T23:57:34" hostname="jm-HP-EliteBook-840-G2" time="0.009">
  <properties/>
  <testcase name="parse()" classname="ec.com.jmgorduez.ACMEEmployeesPayment.domain.parsers.WorkingTimeParserTest" time="0.009"/>
  <system-out><![CDATA[]]></system-out>
  <system-err><![CDATA[]]></system-err>
</testsuite>
