<?xml version="1.0" encoding="UTF-8"?>
<testsuite name="ec.com.jmgorduez.ACMEEmployeesPayment.infrastructure.EmployeeSalaryCalculatorTest" tests="2" skipped="0" failures="0" errors="0" timestamp="2019-05-26T03:05:54" hostname="jm-HP-EliteBook-840-G2" time="0.013">
  <properties/>
  <testcase name="calculateSalary()" classname="ec.com.jmgorduez.ACMEEmployeesPayment.infrastructure.EmployeeSalaryCalculatorTest" time="0.009"/>
  <testcase name="calculateSalaryOfSpecialPaySheet()" classname="ec.com.jmgorduez.ACMEEmployeesPayment.infrastructure.EmployeeSalaryCalculatorTest" time="0.003"/>
  <system-out><![CDATA[]]></system-out>
  <system-err><![CDATA[]]></system-err>
</testsuite>
