<?xml version="1.0" encoding="UTF-8"?>
<testsuite name="ec.com.jmgorduez.ACMEEmployeesPayment.domain.parsers.EmployeePaySheetParserTest" tests="3" skipped="0" failures="0" errors="0" timestamp="2019-05-24T23:49:29" hostname="jm-HP-EliteBook-840-G2" time="0.028">
  <properties/>
  <testcase name="getName()" classname="ec.com.jmgorduez.ACMEEmployeesPayment.domain.parsers.EmployeePaySheetParserTest" time="0.002"/>
  <testcase name="getWorkingTimes()" classname="ec.com.jmgorduez.ACMEEmployeesPayment.domain.parsers.EmployeePaySheetParserTest" time="0.021"/>
  <testcase name="parseEmployeePaySheet()" classname="ec.com.jmgorduez.ACMEEmployeesPayment.domain.parsers.EmployeePaySheetParserTest" time="0.004"/>
  <system-out><![CDATA[]]></system-out>
  <system-err><![CDATA[]]></system-err>
</testsuite>
