<?xml version="1.0" encoding="UTF-8"?>
<testsuite name="ec.com.jmgorduez.ACMEEmployeesPayment.domain.WorkingTimeTest" tests="1" skipped="0" failures="0" errors="0" timestamp="2019-06-30T02:08:13" hostname="jm-HP-EliteBook-840-G2" time="0.239">
  <properties/>
  <testcase name="payment()" classname="ec.com.jmgorduez.ACMEEmployeesPayment.domain.WorkingTimeTest" time="0.239"/>
  <system-out><![CDATA[]]></system-out>
  <system-err><![CDATA[]]></system-err>
</testsuite>
