<?xml version="1.0" encoding="UTF-8"?>
<testsuite name="ec.com.jmgorduez.ACMEEmployeesPayment.domain.EmployeePaySheetTest" tests="5" skipped="0" failures="0" errors="0" timestamp="2019-05-24T23:49:29" hostname="jm-HP-EliteBook-840-G2" time="0.842">
  <properties/>
  <testcase name="employeeName()" classname="ec.com.jmgorduez.ACMEEmployeesPayment.domain.EmployeePaySheetTest" time="0.001"/>
  <testcase name="payment()" classname="ec.com.jmgorduez.ACMEEmployeesPayment.domain.EmployeePaySheetTest" time="0.817"/>
  <testcase name="setBasicUnitOfTime()" classname="ec.com.jmgorduez.ACMEEmployeesPayment.domain.EmployeePaySheetTest" time="0.001"/>
  <testcase name="addWorkingTime()" classname="ec.com.jmgorduez.ACMEEmployeesPayment.domain.EmployeePaySheetTest" time="0.003"/>
  <testcase name="addWorkingTimeVerifyIfSetBasicUnitOfTimeIsCalled()" classname="ec.com.jmgorduez.ACMEEmployeesPayment.domain.EmployeePaySheetTest" time="0.015"/>
  <system-out><![CDATA[]]></system-out>
  <system-err><![CDATA[]]></system-err>
</testsuite>
