<?xml version="1.0" encoding="UTF-8"?>
<testsuite name="ec.com.jmgorduez.ACMEEmployeesPayment.domain.parsers.EmployeePaySheetParserTest" tests="4" skipped="0" failures="0" errors="0" timestamp="2019-05-26T03:05:53" hostname="jm-HP-EliteBook-840-G2" time="0.062">
  <properties/>
  <testcase name="parseInvalidEmployeePaySheet()" classname="ec.com.jmgorduez.ACMEEmployeesPayment.domain.parsers.EmployeePaySheetParserTest" time="0.013"/>
  <testcase name="getName()" classname="ec.com.jmgorduez.ACMEEmployeesPayment.domain.parsers.EmployeePaySheetParserTest" time="0.008"/>
  <testcase name="getWorkingTimes()" classname="ec.com.jmgorduez.ACMEEmployeesPayment.domain.parsers.EmployeePaySheetParserTest" time="0.027"/>
  <testcase name="parseEmployeePaySheet()" classname="ec.com.jmgorduez.ACMEEmployeesPayment.domain.parsers.EmployeePaySheetParserTest" time="0.007"/>
  <system-out><![CDATA[]]></system-out>
  <system-err><![CDATA[]]></system-err>
</testsuite>
