<?xml version="1.0" encoding="UTF-8"?>
<testsuite name="ec.com.jmgorduez.ACMEEmployeesPayment.infrastructure.EmployeeSalaryCalculatorTest" tests="1" skipped="0" failures="0" errors="0" timestamp="2019-05-24T23:49:30" hostname="jm-HP-EliteBook-840-G2" time="0.008">
  <properties/>
  <testcase name="calculateSalary()" classname="ec.com.jmgorduez.ACMEEmployeesPayment.infrastructure.EmployeeSalaryCalculatorTest" time="0.008"/>
  <system-out><![CDATA[]]></system-out>
  <system-err><![CDATA[]]></system-err>
</testsuite>
