<?xml version="1.0" encoding="UTF-8"?>
<testsuite name="ec.com.jmgorduez.ACMEEmployesPayment.ACMEEmployesPaymentTest" tests="1" skipped="0" failures="0" errors="0" timestamp="2019-05-20T23:56:28" hostname="jm-HP-EliteBook-840-G2" time="0.142">
  <properties/>
  <testcase name="main()" classname="ec.com.jmgorduez.ACMEEmployesPayment.ACMEEmployesPaymentTest" time="0.142"/>
  <system-out><![CDATA[]]></system-out>
  <system-err><![CDATA[]]></system-err>
</testsuite>
