<?xml version="1.0" encoding="UTF-8"?>
<testsuite name="ec.com.jmgorduez.ACMEEmployeesPayment.domain.parsers.EmployeePaySheetParserTest" tests="4" skipped="0" failures="0" errors="0" timestamp="2019-06-30T02:08:13" hostname="jm-HP-EliteBook-840-G2" time="0.064">
  <properties/>
  <testcase name="parseInvalidEmployeePaySheet()" classname="ec.com.jmgorduez.ACMEEmployeesPayment.domain.parsers.EmployeePaySheetParserTest" time="0.007"/>
  <testcase name="getName()" classname="ec.com.jmgorduez.ACMEEmployeesPayment.domain.parsers.EmployeePaySheetParserTest" time="0.007"/>
  <testcase name="getWorkingTimes()" classname="ec.com.jmgorduez.ACMEEmployeesPayment.domain.parsers.EmployeePaySheetParserTest" time="0.028"/>
  <testcase name="parseEmployeePaySheet()" classname="ec.com.jmgorduez.ACMEEmployeesPayment.domain.parsers.EmployeePaySheetParserTest" time="0.011"/>
  <system-out><![CDATA[]]></system-out>
  <system-err><![CDATA[]]></system-err>
</testsuite>
