<?xml version="1.0" encoding="UTF-8"?>
<testsuite name="ec.com.jmgorduez.ACMEEmployeesPayment.domain.enums.PaymentStrategyTest" tests="1" skipped="0" failures="0" errors="0" timestamp="2019-05-24T23:49:30" hostname="jm-HP-EliteBook-840-G2" time="0.0">
  <properties/>
  <testcase name="paymentStrategy()" classname="ec.com.jmgorduez.ACMEEmployeesPayment.domain.enums.PaymentStrategyTest" time="0.0"/>
  <system-out><![CDATA[]]></system-out>
  <system-err><![CDATA[]]></system-err>
</testsuite>
